Spark Command: /usr/lib/jvm/java-1.8.0-openjdk-amd64/bin/java -cp /home/seo3/spark-3.0.2-bin-hadoop2.7-hive1.2/conf/:/home/seo3/spark-3.0.2-bin-hadoop2.7-hive1.2/jars/*:/home/seo3/hadoop/etc/hadoop/ -Xmx1g org.apache.spark.deploy.master.Master --host 14.7.128.55 --port 7077 --webui-port 8080
========================================
22/05/25 14:49:44 INFO master.Master: Started daemon with process name: 12565@seo3li
22/05/25 14:49:44 INFO util.SignalUtils: Registered signal handler for TERM
22/05/25 14:49:44 INFO util.SignalUtils: Registered signal handler for HUP
22/05/25 14:49:44 INFO util.SignalUtils: Registered signal handler for INT
22/05/25 14:49:44 WARN util.Utils: Your hostname, seo3li resolves to a loopback address: 127.0.1.1; using 14.7.128.55 instead (on interface enp5s0)
22/05/25 14:49:44 WARN util.Utils: Set SPARK_LOCAL_IP if you need to bind to another address
22/05/25 14:49:45 INFO spark.SecurityManager: Changing view acls to: seo3
22/05/25 14:49:45 INFO spark.SecurityManager: Changing modify acls to: seo3
22/05/25 14:49:45 INFO spark.SecurityManager: Changing view acls groups to: 
22/05/25 14:49:45 INFO spark.SecurityManager: Changing modify acls groups to: 
22/05/25 14:49:45 INFO spark.SecurityManager: SecurityManager: authentication disabled; ui acls disabled; users  with view permissions: Set(seo3); groups with view permissions: Set(); users  with modify permissions: Set(seo3); groups with modify permissions: Set()
22/05/25 14:49:45 INFO util.Utils: Successfully started service 'sparkMaster' on port 7077.
22/05/25 14:49:45 INFO master.Master: Starting Spark master at spark://14.7.128.55:7077
22/05/25 14:49:45 INFO master.Master: Running Spark version 3.0.2
22/05/25 14:49:45 INFO util.log: Logging initialized @1450ms to org.sparkproject.jetty.util.log.Slf4jLog
22/05/25 14:49:45 INFO server.Server: jetty-9.4.34.v20201102; built: 2020-11-02T14:15:39.302Z; git: e46af88704a893fc12cb0e3bf46e2c7b48a009e7; jvm 1.8.0_312-8u312-b07-0ubuntu1~20.04-b07
22/05/25 14:49:45 INFO server.Server: Started @1516ms
22/05/25 14:49:45 WARN util.Utils: Service 'MasterUI' could not bind on port 8080. Attempting port 8081.
22/05/25 14:49:45 INFO server.AbstractConnector: Started ServerConnector@25bcc955{HTTP/1.1, (http/1.1)}{0.0.0.0:8081}
22/05/25 14:49:45 INFO util.Utils: Successfully started service 'MasterUI' on port 8081.
22/05/25 14:49:45 INFO handler.ContextHandler: Started o.s.j.s.ServletContextHandler@7ba8f7e{/app,null,AVAILABLE,@Spark}
22/05/25 14:49:45 INFO handler.ContextHandler: Started o.s.j.s.ServletContextHandler@45d5d290{/app/json,null,AVAILABLE,@Spark}
22/05/25 14:49:45 INFO handler.ContextHandler: Started o.s.j.s.ServletContextHandler@4e21a5d4{/,null,AVAILABLE,@Spark}
22/05/25 14:49:45 INFO handler.ContextHandler: Started o.s.j.s.ServletContextHandler@3555b88d{/json,null,AVAILABLE,@Spark}
22/05/25 14:49:45 INFO handler.ContextHandler: Started o.s.j.s.ServletContextHandler@1c1aa3b9{/static,null,AVAILABLE,@Spark}
22/05/25 14:49:45 INFO handler.ContextHandler: Started o.s.j.s.ServletContextHandler@317ff17c{/app/kill,null,AVAILABLE,@Spark}
22/05/25 14:49:45 INFO handler.ContextHandler: Started o.s.j.s.ServletContextHandler@4539ed39{/driver/kill,null,AVAILABLE,@Spark}
22/05/25 14:49:45 INFO ui.MasterWebUI: Bound MasterWebUI to 0.0.0.0, and started at http://14.7.128.55:8081
22/05/25 14:49:45 INFO handler.ContextHandler: Started o.s.j.s.ServletContextHandler@713b9012{/metrics/master/json,null,AVAILABLE,@Spark}
22/05/25 14:49:45 INFO handler.ContextHandler: Started o.s.j.s.ServletContextHandler@206b2933{/metrics/applications/json,null,AVAILABLE,@Spark}
22/05/25 14:49:45 INFO master.Master: I have been elected leader! New state: ALIVE
22/05/25 14:50:12 WARN server.TransportChannelHandler: Exception in connection from /14.7.128.55:48682
java.lang.IllegalArgumentException: Too large frame: 5135603447292250188
	at org.sparkproject.guava.base.Preconditions.checkArgument(Preconditions.java:119)
	at org.apache.spark.network.util.TransportFrameDecoder.decodeNext(TransportFrameDecoder.java:148)
	at org.apache.spark.network.util.TransportFrameDecoder.channelRead(TransportFrameDecoder.java:98)
	at io.netty.channel.AbstractChannelHandlerContext.invokeChannelRead(AbstractChannelHandlerContext.java:379)
	at io.netty.channel.AbstractChannelHandlerContext.invokeChannelRead(AbstractChannelHandlerContext.java:365)
	at io.netty.channel.AbstractChannelHandlerContext.fireChannelRead(AbstractChannelHandlerContext.java:357)
	at io.netty.channel.DefaultChannelPipeline$HeadContext.channelRead(DefaultChannelPipeline.java:1410)
	at io.netty.channel.AbstractChannelHandlerContext.invokeChannelRead(AbstractChannelHandlerContext.java:379)
	at io.netty.channel.AbstractChannelHandlerContext.invokeChannelRead(AbstractChannelHandlerContext.java:365)
	at io.netty.channel.DefaultChannelPipeline.fireChannelRead(DefaultChannelPipeline.java:919)
	at io.netty.channel.nio.AbstractNioByteChannel$NioByteUnsafe.read(AbstractNioByteChannel.java:163)
	at io.netty.channel.nio.NioEventLoop.processSelectedKey(NioEventLoop.java:714)
	at io.netty.channel.nio.NioEventLoop.processSelectedKeysOptimized(NioEventLoop.java:650)
	at io.netty.channel.nio.NioEventLoop.processSelectedKeys(NioEventLoop.java:576)
	at io.netty.channel.nio.NioEventLoop.run(NioEventLoop.java:493)
	at io.netty.util.concurrent.SingleThreadEventExecutor$4.run(SingleThreadEventExecutor.java:989)
	at io.netty.util.internal.ThreadExecutorMap$2.run(ThreadExecutorMap.java:74)
	at io.netty.util.concurrent.FastThreadLocalRunnable.run(FastThreadLocalRunnable.java:30)
	at java.lang.Thread.run(Thread.java:748)
22/05/25 14:50:12 INFO master.Master: 14.7.128.55:48682 got disassociated, removing it.
22/05/25 14:50:12 WARN server.TransportChannelHandler: Exception in connection from /14.7.128.55:48684
java.lang.IllegalArgumentException: Too large frame: 5135603447292250188
	at org.sparkproject.guava.base.Preconditions.checkArgument(Preconditions.java:119)
	at org.apache.spark.network.util.TransportFrameDecoder.decodeNext(TransportFrameDecoder.java:148)
	at org.apache.spark.network.util.TransportFrameDecoder.channelRead(TransportFrameDecoder.java:98)
	at io.netty.channel.AbstractChannelHandlerContext.invokeChannelRead(AbstractChannelHandlerContext.java:379)
	at io.netty.channel.AbstractChannelHandlerContext.invokeChannelRead(AbstractChannelHandlerContext.java:365)
	at io.netty.channel.AbstractChannelHandlerContext.fireChannelRead(AbstractChannelHandlerContext.java:357)
	at io.netty.channel.DefaultChannelPipeline$HeadContext.channelRead(DefaultChannelPipeline.java:1410)
	at io.netty.channel.AbstractChannelHandlerContext.invokeChannelRead(AbstractChannelHandlerContext.java:379)
	at io.netty.channel.AbstractChannelHandlerContext.invokeChannelRead(AbstractChannelHandlerContext.java:365)
	at io.netty.channel.DefaultChannelPipeline.fireChannelRead(DefaultChannelPipeline.java:919)
	at io.netty.channel.nio.AbstractNioByteChannel$NioByteUnsafe.read(AbstractNioByteChannel.java:163)
	at io.netty.channel.nio.NioEventLoop.processSelectedKey(NioEventLoop.java:714)
	at io.netty.channel.nio.NioEventLoop.processSelectedKeysOptimized(NioEventLoop.java:650)
	at io.netty.channel.nio.NioEventLoop.processSelectedKeys(NioEventLoop.java:576)
	at io.netty.channel.nio.NioEventLoop.run(NioEventLoop.java:493)
	at io.netty.util.concurrent.SingleThreadEventExecutor$4.run(SingleThreadEventExecutor.java:989)
	at io.netty.util.internal.ThreadExecutorMap$2.run(ThreadExecutorMap.java:74)
	at io.netty.util.concurrent.FastThreadLocalRunnable.run(FastThreadLocalRunnable.java:30)
	at java.lang.Thread.run(Thread.java:748)
22/05/25 14:50:12 INFO master.Master: 14.7.128.55:48684 got disassociated, removing it.
22/05/25 14:50:12 WARN server.TransportChannelHandler: Exception in connection from /14.7.128.55:48686
java.lang.IllegalArgumentException: Too large frame: 5135603447292250188
	at org.sparkproject.guava.base.Preconditions.checkArgument(Preconditions.java:119)
	at org.apache.spark.network.util.TransportFrameDecoder.decodeNext(TransportFrameDecoder.java:148)
	at org.apache.spark.network.util.TransportFrameDecoder.channelRead(TransportFrameDecoder.java:98)
	at io.netty.channel.AbstractChannelHandlerContext.invokeChannelRead(AbstractChannelHandlerContext.java:379)
	at io.netty.channel.AbstractChannelHandlerContext.invokeChannelRead(AbstractChannelHandlerContext.java:365)
	at io.netty.channel.AbstractChannelHandlerContext.fireChannelRead(AbstractChannelHandlerContext.java:357)
	at io.netty.channel.DefaultChannelPipeline$HeadContext.channelRead(DefaultChannelPipeline.java:1410)
	at io.netty.channel.AbstractChannelHandlerContext.invokeChannelRead(AbstractChannelHandlerContext.java:379)
	at io.netty.channel.AbstractChannelHandlerContext.invokeChannelRead(AbstractChannelHandlerContext.java:365)
	at io.netty.channel.DefaultChannelPipeline.fireChannelRead(DefaultChannelPipeline.java:919)
	at io.netty.channel.nio.AbstractNioByteChannel$NioByteUnsafe.read(AbstractNioByteChannel.java:163)
	at io.netty.channel.nio.NioEventLoop.processSelectedKey(NioEventLoop.java:714)
	at io.netty.channel.nio.NioEventLoop.processSelectedKeysOptimized(NioEventLoop.java:650)
	at io.netty.channel.nio.NioEventLoop.processSelectedKeys(NioEventLoop.java:576)
	at io.netty.channel.nio.NioEventLoop.run(NioEventLoop.java:493)
	at io.netty.util.concurrent.SingleThreadEventExecutor$4.run(SingleThreadEventExecutor.java:989)
	at io.netty.util.internal.ThreadExecutorMap$2.run(ThreadExecutorMap.java:74)
	at io.netty.util.concurrent.FastThreadLocalRunnable.run(FastThreadLocalRunnable.java:30)
	at java.lang.Thread.run(Thread.java:748)
22/05/25 14:50:12 INFO master.Master: 14.7.128.55:48686 got disassociated, removing it.
22/05/25 14:50:12 WARN server.TransportChannelHandler: Exception in connection from /14.7.128.55:48688
java.lang.IllegalArgumentException: Too large frame: 5135603447292250188
	at org.sparkproject.guava.base.Preconditions.checkArgument(Preconditions.java:119)
	at org.apache.spark.network.util.TransportFrameDecoder.decodeNext(TransportFrameDecoder.java:148)
	at org.apache.spark.network.util.TransportFrameDecoder.channelRead(TransportFrameDecoder.java:98)
	at io.netty.channel.AbstractChannelHandlerContext.invokeChannelRead(AbstractChannelHandlerContext.java:379)
	at io.netty.channel.AbstractChannelHandlerContext.invokeChannelRead(AbstractChannelHandlerContext.java:365)
	at io.netty.channel.AbstractChannelHandlerContext.fireChannelRead(AbstractChannelHandlerContext.java:357)
	at io.netty.channel.DefaultChannelPipeline$HeadContext.channelRead(DefaultChannelPipeline.java:1410)
	at io.netty.channel.AbstractChannelHandlerContext.invokeChannelRead(AbstractChannelHandlerContext.java:379)
	at io.netty.channel.AbstractChannelHandlerContext.invokeChannelRead(AbstractChannelHandlerContext.java:365)
	at io.netty.channel.DefaultChannelPipeline.fireChannelRead(DefaultChannelPipeline.java:919)
	at io.netty.channel.nio.AbstractNioByteChannel$NioByteUnsafe.read(AbstractNioByteChannel.java:163)
	at io.netty.channel.nio.NioEventLoop.processSelectedKey(NioEventLoop.java:714)
	at io.netty.channel.nio.NioEventLoop.processSelectedKeysOptimized(NioEventLoop.java:650)
	at io.netty.channel.nio.NioEventLoop.processSelectedKeys(NioEventLoop.java:576)
	at io.netty.channel.nio.NioEventLoop.run(NioEventLoop.java:493)
	at io.netty.util.concurrent.SingleThreadEventExecutor$4.run(SingleThreadEventExecutor.java:989)
	at io.netty.util.internal.ThreadExecutorMap$2.run(ThreadExecutorMap.java:74)
	at io.netty.util.concurrent.FastThreadLocalRunnable.run(FastThreadLocalRunnable.java:30)
	at java.lang.Thread.run(Thread.java:748)
22/05/25 14:50:12 INFO master.Master: 14.7.128.55:48688 got disassociated, removing it.
22/05/25 14:50:12 WARN server.TransportChannelHandler: Exception in connection from /14.7.128.55:48690
java.lang.IllegalArgumentException: Too large frame: 5135603447292250188
	at org.sparkproject.guava.base.Preconditions.checkArgument(Preconditions.java:119)
	at org.apache.spark.network.util.TransportFrameDecoder.decodeNext(TransportFrameDecoder.java:148)
	at org.apache.spark.network.util.TransportFrameDecoder.channelRead(TransportFrameDecoder.java:98)
	at io.netty.channel.AbstractChannelHandlerContext.invokeChannelRead(AbstractChannelHandlerContext.java:379)
	at io.netty.channel.AbstractChannelHandlerContext.invokeChannelRead(AbstractChannelHandlerContext.java:365)
	at io.netty.channel.AbstractChannelHandlerContext.fireChannelRead(AbstractChannelHandlerContext.java:357)
	at io.netty.channel.DefaultChannelPipeline$HeadContext.channelRead(DefaultChannelPipeline.java:1410)
	at io.netty.channel.AbstractChannelHandlerContext.invokeChannelRead(AbstractChannelHandlerContext.java:379)
	at io.netty.channel.AbstractChannelHandlerContext.invokeChannelRead(AbstractChannelHandlerContext.java:365)
	at io.netty.channel.DefaultChannelPipeline.fireChannelRead(DefaultChannelPipeline.java:919)
	at io.netty.channel.nio.AbstractNioByteChannel$NioByteUnsafe.read(AbstractNioByteChannel.java:163)
	at io.netty.channel.nio.NioEventLoop.processSelectedKey(NioEventLoop.java:714)
	at io.netty.channel.nio.NioEventLoop.processSelectedKeysOptimized(NioEventLoop.java:650)
	at io.netty.channel.nio.NioEventLoop.processSelectedKeys(NioEventLoop.java:576)
	at io.netty.channel.nio.NioEventLoop.run(NioEventLoop.java:493)
	at io.netty.util.concurrent.SingleThreadEventExecutor$4.run(SingleThreadEventExecutor.java:989)
	at io.netty.util.internal.ThreadExecutorMap$2.run(ThreadExecutorMap.java:74)
	at io.netty.util.concurrent.FastThreadLocalRunnable.run(FastThreadLocalRunnable.java:30)
	at java.lang.Thread.run(Thread.java:748)
22/05/25 14:50:12 INFO master.Master: 14.7.128.55:48690 got disassociated, removing it.
22/05/25 14:50:12 WARN server.TransportChannelHandler: Exception in connection from /14.7.128.55:48692
java.lang.IllegalArgumentException: Too large frame: 5135603447292250188
	at org.sparkproject.guava.base.Preconditions.checkArgument(Preconditions.java:119)
	at org.apache.spark.network.util.TransportFrameDecoder.decodeNext(TransportFrameDecoder.java:148)
	at org.apache.spark.network.util.TransportFrameDecoder.channelRead(TransportFrameDecoder.java:98)
	at io.netty.channel.AbstractChannelHandlerContext.invokeChannelRead(AbstractChannelHandlerContext.java:379)
	at io.netty.channel.AbstractChannelHandlerContext.invokeChannelRead(AbstractChannelHandlerContext.java:365)
	at io.netty.channel.AbstractChannelHandlerContext.fireChannelRead(AbstractChannelHandlerContext.java:357)
	at io.netty.channel.DefaultChannelPipeline$HeadContext.channelRead(DefaultChannelPipeline.java:1410)
	at io.netty.channel.AbstractChannelHandlerContext.invokeChannelRead(AbstractChannelHandlerContext.java:379)
	at io.netty.channel.AbstractChannelHandlerContext.invokeChannelRead(AbstractChannelHandlerContext.java:365)
	at io.netty.channel.DefaultChannelPipeline.fireChannelRead(DefaultChannelPipeline.java:919)
	at io.netty.channel.nio.AbstractNioByteChannel$NioByteUnsafe.read(AbstractNioByteChannel.java:163)
	at io.netty.channel.nio.NioEventLoop.processSelectedKey(NioEventLoop.java:714)
	at io.netty.channel.nio.NioEventLoop.processSelectedKeysOptimized(NioEventLoop.java:650)
	at io.netty.channel.nio.NioEventLoop.processSelectedKeys(NioEventLoop.java:576)
	at io.netty.channel.nio.NioEventLoop.run(NioEventLoop.java:493)
	at io.netty.util.concurrent.SingleThreadEventExecutor$4.run(SingleThreadEventExecutor.java:989)
	at io.netty.util.internal.ThreadExecutorMap$2.run(ThreadExecutorMap.java:74)
	at io.netty.util.concurrent.FastThreadLocalRunnable.run(FastThreadLocalRunnable.java:30)
	at java.lang.Thread.run(Thread.java:748)
22/05/25 14:50:12 INFO master.Master: 14.7.128.55:48692 got disassociated, removing it.
22/05/25 14:50:12 WARN server.TransportChannelHandler: Exception in connection from /14.7.128.55:48696
java.lang.IllegalArgumentException: Too large frame: 5135603447292250188
	at org.sparkproject.guava.base.Preconditions.checkArgument(Preconditions.java:119)
	at org.apache.spark.network.util.TransportFrameDecoder.decodeNext(TransportFrameDecoder.java:148)
	at org.apache.spark.network.util.TransportFrameDecoder.channelRead(TransportFrameDecoder.java:98)
	at io.netty.channel.AbstractChannelHandlerContext.invokeChannelRead(AbstractChannelHandlerContext.java:379)
	at io.netty.channel.AbstractChannelHandlerContext.invokeChannelRead(AbstractChannelHandlerContext.java:365)
	at io.netty.channel.AbstractChannelHandlerContext.fireChannelRead(AbstractChannelHandlerContext.java:357)
	at io.netty.channel.DefaultChannelPipeline$HeadContext.channelRead(DefaultChannelPipeline.java:1410)
	at io.netty.channel.AbstractChannelHandlerContext.invokeChannelRead(AbstractChannelHandlerContext.java:379)
	at io.netty.channel.AbstractChannelHandlerContext.invokeChannelRead(AbstractChannelHandlerContext.java:365)
	at io.netty.channel.DefaultChannelPipeline.fireChannelRead(DefaultChannelPipeline.java:919)
	at io.netty.channel.nio.AbstractNioByteChannel$NioByteUnsafe.read(AbstractNioByteChannel.java:163)
	at io.netty.channel.nio.NioEventLoop.processSelectedKey(NioEventLoop.java:714)
	at io.netty.channel.nio.NioEventLoop.processSelectedKeysOptimized(NioEventLoop.java:650)
	at io.netty.channel.nio.NioEventLoop.processSelectedKeys(NioEventLoop.java:576)
	at io.netty.channel.nio.NioEventLoop.run(NioEventLoop.java:493)
	at io.netty.util.concurrent.SingleThreadEventExecutor$4.run(SingleThreadEventExecutor.java:989)
	at io.netty.util.internal.ThreadExecutorMap$2.run(ThreadExecutorMap.java:74)
	at io.netty.util.concurrent.FastThreadLocalRunnable.run(FastThreadLocalRunnable.java:30)
	at java.lang.Thread.run(Thread.java:748)
22/05/25 14:50:12 INFO master.Master: 14.7.128.55:48696 got disassociated, removing it.
22/05/25 14:50:12 WARN server.TransportChannelHandler: Exception in connection from /14.7.128.55:48698
java.lang.IllegalArgumentException: Too large frame: 5135603447292250188
	at org.sparkproject.guava.base.Preconditions.checkArgument(Preconditions.java:119)
	at org.apache.spark.network.util.TransportFrameDecoder.decodeNext(TransportFrameDecoder.java:148)
	at org.apache.spark.network.util.TransportFrameDecoder.channelRead(TransportFrameDecoder.java:98)
	at io.netty.channel.AbstractChannelHandlerContext.invokeChannelRead(AbstractChannelHandlerContext.java:379)
	at io.netty.channel.AbstractChannelHandlerContext.invokeChannelRead(AbstractChannelHandlerContext.java:365)
	at io.netty.channel.AbstractChannelHandlerContext.fireChannelRead(AbstractChannelHandlerContext.java:357)
	at io.netty.channel.DefaultChannelPipeline$HeadContext.channelRead(DefaultChannelPipeline.java:1410)
	at io.netty.channel.AbstractChannelHandlerContext.invokeChannelRead(AbstractChannelHandlerContext.java:379)
	at io.netty.channel.AbstractChannelHandlerContext.invokeChannelRead(AbstractChannelHandlerContext.java:365)
	at io.netty.channel.DefaultChannelPipeline.fireChannelRead(DefaultChannelPipeline.java:919)
	at io.netty.channel.nio.AbstractNioByteChannel$NioByteUnsafe.read(AbstractNioByteChannel.java:163)
	at io.netty.channel.nio.NioEventLoop.processSelectedKey(NioEventLoop.java:714)
	at io.netty.channel.nio.NioEventLoop.processSelectedKeysOptimized(NioEventLoop.java:650)
	at io.netty.channel.nio.NioEventLoop.processSelectedKeys(NioEventLoop.java:576)
	at io.netty.channel.nio.NioEventLoop.run(NioEventLoop.java:493)
	at io.netty.util.concurrent.SingleThreadEventExecutor$4.run(SingleThreadEventExecutor.java:989)
	at io.netty.util.internal.ThreadExecutorMap$2.run(ThreadExecutorMap.java:74)
	at io.netty.util.concurrent.FastThreadLocalRunnable.run(FastThreadLocalRunnable.java:30)
	at java.lang.Thread.run(Thread.java:748)
22/05/25 14:50:12 INFO master.Master: 14.7.128.55:48698 got disassociated, removing it.
22/05/25 14:50:12 WARN server.TransportChannelHandler: Exception in connection from /14.7.128.55:48700
java.lang.IllegalArgumentException: Too large frame: 5135603447292250188
	at org.sparkproject.guava.base.Preconditions.checkArgument(Preconditions.java:119)
	at org.apache.spark.network.util.TransportFrameDecoder.decodeNext(TransportFrameDecoder.java:148)
	at org.apache.spark.network.util.TransportFrameDecoder.channelRead(TransportFrameDecoder.java:98)
	at io.netty.channel.AbstractChannelHandlerContext.invokeChannelRead(AbstractChannelHandlerContext.java:379)
	at io.netty.channel.AbstractChannelHandlerContext.invokeChannelRead(AbstractChannelHandlerContext.java:365)
	at io.netty.channel.AbstractChannelHandlerContext.fireChannelRead(AbstractChannelHandlerContext.java:357)
	at io.netty.channel.DefaultChannelPipeline$HeadContext.channelRead(DefaultChannelPipeline.java:1410)
	at io.netty.channel.AbstractChannelHandlerContext.invokeChannelRead(AbstractChannelHandlerContext.java:379)
	at io.netty.channel.AbstractChannelHandlerContext.invokeChannelRead(AbstractChannelHandlerContext.java:365)
	at io.netty.channel.DefaultChannelPipeline.fireChannelRead(DefaultChannelPipeline.java:919)
	at io.netty.channel.nio.AbstractNioByteChannel$NioByteUnsafe.read(AbstractNioByteChannel.java:163)
	at io.netty.channel.nio.NioEventLoop.processSelectedKey(NioEventLoop.java:714)
	at io.netty.channel.nio.NioEventLoop.processSelectedKeysOptimized(NioEventLoop.java:650)
	at io.netty.channel.nio.NioEventLoop.processSelectedKeys(NioEventLoop.java:576)
	at io.netty.channel.nio.NioEventLoop.run(NioEventLoop.java:493)
	at io.netty.util.concurrent.SingleThreadEventExecutor$4.run(SingleThreadEventExecutor.java:989)
	at io.netty.util.internal.ThreadExecutorMap$2.run(ThreadExecutorMap.java:74)
	at io.netty.util.concurrent.FastThreadLocalRunnable.run(FastThreadLocalRunnable.java:30)
	at java.lang.Thread.run(Thread.java:748)
22/05/25 14:50:12 INFO master.Master: 14.7.128.55:48700 got disassociated, removing it.
22/05/25 14:50:12 WARN server.TransportChannelHandler: Exception in connection from /14.7.128.55:48702
java.lang.IllegalArgumentException: Too large frame: 5135603447292250188
	at org.sparkproject.guava.base.Preconditions.checkArgument(Preconditions.java:119)
	at org.apache.spark.network.util.TransportFrameDecoder.decodeNext(TransportFrameDecoder.java:148)
	at org.apache.spark.network.util.TransportFrameDecoder.channelRead(TransportFrameDecoder.java:98)
	at io.netty.channel.AbstractChannelHandlerContext.invokeChannelRead(AbstractChannelHandlerContext.java:379)
	at io.netty.channel.AbstractChannelHandlerContext.invokeChannelRead(AbstractChannelHandlerContext.java:365)
	at io.netty.channel.AbstractChannelHandlerContext.fireChannelRead(AbstractChannelHandlerContext.java:357)
	at io.netty.channel.DefaultChannelPipeline$HeadContext.channelRead(DefaultChannelPipeline.java:1410)
	at io.netty.channel.AbstractChannelHandlerContext.invokeChannelRead(AbstractChannelHandlerContext.java:379)
	at io.netty.channel.AbstractChannelHandlerContext.invokeChannelRead(AbstractChannelHandlerContext.java:365)
	at io.netty.channel.DefaultChannelPipeline.fireChannelRead(DefaultChannelPipeline.java:919)
	at io.netty.channel.nio.AbstractNioByteChannel$NioByteUnsafe.read(AbstractNioByteChannel.java:163)
	at io.netty.channel.nio.NioEventLoop.processSelectedKey(NioEventLoop.java:714)
	at io.netty.channel.nio.NioEventLoop.processSelectedKeysOptimized(NioEventLoop.java:650)
	at io.netty.channel.nio.NioEventLoop.processSelectedKeys(NioEventLoop.java:576)
	at io.netty.channel.nio.NioEventLoop.run(NioEventLoop.java:493)
	at io.netty.util.concurrent.SingleThreadEventExecutor$4.run(SingleThreadEventExecutor.java:989)
	at io.netty.util.internal.ThreadExecutorMap$2.run(ThreadExecutorMap.java:74)
	at io.netty.util.concurrent.FastThreadLocalRunnable.run(FastThreadLocalRunnable.java:30)
	at java.lang.Thread.run(Thread.java:748)
22/05/25 14:50:12 INFO master.Master: 14.7.128.55:48702 got disassociated, removing it.
22/05/25 14:50:26 ERROR master.Master: RECEIVED SIGNAL TERM
