[2022-06-07 18:02:19,106] INFO [Controller id=0] New topics: [Set()], deleted topics: [Set(davao)], new partition replica assignment [Set()] (kafka.controller.KafkaController)
[2022-06-07 18:02:50,575] INFO [Controller id=0] New topics: [Set()], deleted topics: [Set(sea)], new partition replica assignment [Set()] (kafka.controller.KafkaController)
[2022-06-07 18:03:00,390] INFO [Controller id=0] New topics: [Set()], deleted topics: [Set(webcam)], new partition replica assignment [Set()] (kafka.controller.KafkaController)
[2022-06-07 18:03:08,657] INFO [Controller id=0] New topics: [Set()], deleted topics: [Set(webcam2)], new partition replica assignment [Set()] (kafka.controller.KafkaController)
[2022-06-07 18:03:31,114] INFO [Controller id=0] New topics: [Set()], deleted topics: [Set(yangjae)], new partition replica assignment [Set()] (kafka.controller.KafkaController)
[2022-06-07 18:03:52,071] INFO [Controller id=0] Processing automatic preferred replica leader election (kafka.controller.KafkaController)
[2022-06-07 18:03:52,071] TRACE [Controller id=0] Checking need to trigger auto leader balancing (kafka.controller.KafkaController)
[2022-06-07 18:04:55,087] INFO [Controller id=0] Shutting down broker 0 (kafka.controller.KafkaController)
[2022-06-07 18:04:55,087] DEBUG [Controller id=0] All shutting down brokers: 0 (kafka.controller.KafkaController)
[2022-06-07 18:04:55,087] DEBUG [Controller id=0] Live brokers:  (kafka.controller.KafkaController)
[2022-06-07 18:04:55,090] TRACE [Controller id=0] All leaders =  (kafka.controller.KafkaController)
[2022-06-07 18:04:55,885] INFO [ControllerEventThread controllerId=0] Shutting down (kafka.controller.ControllerEventManager$ControllerEventThread)
[2022-06-07 18:04:55,886] INFO [ControllerEventThread controllerId=0] Shutdown completed (kafka.controller.ControllerEventManager$ControllerEventThread)
[2022-06-07 18:04:55,886] INFO [ControllerEventThread controllerId=0] Stopped (kafka.controller.ControllerEventManager$ControllerEventThread)
[2022-06-07 18:04:55,886] DEBUG [Controller id=0] Resigning (kafka.controller.KafkaController)
[2022-06-07 18:04:55,886] DEBUG [Controller id=0] Unregister BrokerModifications handler for Set(0) (kafka.controller.KafkaController)
[2022-06-07 18:04:55,887] INFO [PartitionStateMachine controllerId=0] Stopped partition state machine (kafka.controller.ZkPartitionStateMachine)
[2022-06-07 18:04:55,887] INFO [ReplicaStateMachine controllerId=0] Stopped replica state machine (kafka.controller.ZkReplicaStateMachine)
[2022-06-07 18:04:55,888] INFO [RequestSendThread controllerId=0] Shutting down (kafka.controller.RequestSendThread)
[2022-06-07 18:04:55,888] INFO [RequestSendThread controllerId=0] Shutdown completed (kafka.controller.RequestSendThread)
[2022-06-07 18:04:55,888] INFO [RequestSendThread controllerId=0] Stopped (kafka.controller.RequestSendThread)
[2022-06-07 18:04:55,889] INFO [Controller id=0] Resigned (kafka.controller.KafkaController)
[2022-06-07 18:08:03,151] INFO [ControllerEventThread controllerId=0] Starting (kafka.controller.ControllerEventManager$ControllerEventThread)
[2022-06-07 18:08:03,188] INFO [Controller id=0] 0 successfully elected as the controller. Epoch incremented to 38 and epoch zk version is now 38 (kafka.controller.KafkaController)
[2022-06-07 18:08:03,189] INFO [Controller id=0] Registering handlers (kafka.controller.KafkaController)
[2022-06-07 18:08:03,192] INFO [Controller id=0] Deleting log dir event notifications (kafka.controller.KafkaController)
[2022-06-07 18:08:03,195] INFO [Controller id=0] Deleting isr change notifications (kafka.controller.KafkaController)
[2022-06-07 18:08:03,198] INFO [Controller id=0] Initializing controller context (kafka.controller.KafkaController)
[2022-06-07 18:08:03,214] INFO [Controller id=0] Initialized broker epochs cache: Map(0 -> 42949674509) (kafka.controller.KafkaController)
[2022-06-07 18:08:03,219] DEBUG [Controller id=0] Register BrokerModifications handler for Set(0) (kafka.controller.KafkaController)
[2022-06-07 18:08:03,224] DEBUG [Channel manager on controller 0]: Controller 0 trying to connect to broker 0 (kafka.controller.ControllerChannelManager)
[2022-06-07 18:08:03,230] INFO [RequestSendThread controllerId=0] Starting (kafka.controller.RequestSendThread)
[2022-06-07 18:08:03,230] INFO [Controller id=0] Currently active brokers in the cluster: Set(0) (kafka.controller.KafkaController)
[2022-06-07 18:08:03,230] INFO [Controller id=0] Currently shutting brokers in the cluster: Set() (kafka.controller.KafkaController)
[2022-06-07 18:08:03,230] INFO [Controller id=0] Current list of topics in the cluster: Set() (kafka.controller.KafkaController)
[2022-06-07 18:08:03,231] INFO [Controller id=0] Fetching topic deletions in progress (kafka.controller.KafkaController)
[2022-06-07 18:08:03,233] INFO [Controller id=0] List of topics to be deleted:  (kafka.controller.KafkaController)
[2022-06-07 18:08:03,234] INFO [Controller id=0] List of topics ineligible for deletion:  (kafka.controller.KafkaController)
[2022-06-07 18:08:03,234] INFO [Controller id=0] Initializing topic deletion manager (kafka.controller.KafkaController)
[2022-06-07 18:08:03,234] INFO [Topic Deletion Manager 0] Initializing manager with initial deletions: Set(), initial ineligible deletions: Set() (kafka.controller.TopicDeletionManager)
[2022-06-07 18:08:03,235] INFO [Controller id=0] Sending update metadata request (kafka.controller.KafkaController)
[2022-06-07 18:08:03,244] INFO [ReplicaStateMachine controllerId=0] Initializing replica state (kafka.controller.ZkReplicaStateMachine)
[2022-06-07 18:08:03,244] INFO [ReplicaStateMachine controllerId=0] Triggering online replica state changes (kafka.controller.ZkReplicaStateMachine)
[2022-06-07 18:08:03,247] INFO [ReplicaStateMachine controllerId=0] Triggering offline replica state changes (kafka.controller.ZkReplicaStateMachine)
[2022-06-07 18:08:03,247] DEBUG [ReplicaStateMachine controllerId=0] Started replica state machine with initial state -> Map() (kafka.controller.ZkReplicaStateMachine)
[2022-06-07 18:08:03,247] INFO [PartitionStateMachine controllerId=0] Initializing partition state (kafka.controller.ZkPartitionStateMachine)
[2022-06-07 18:08:03,248] INFO [PartitionStateMachine controllerId=0] Triggering online partition state changes (kafka.controller.ZkPartitionStateMachine)
[2022-06-07 18:08:03,249] INFO [RequestSendThread controllerId=0] Controller 0 connected to 14.7.128.55:9092 (id: 0 rack: null) for sending state change requests (kafka.controller.RequestSendThread)
[2022-06-07 18:08:03,250] DEBUG [PartitionStateMachine controllerId=0] Started partition state machine with initial state -> Map() (kafka.controller.ZkPartitionStateMachine)
[2022-06-07 18:08:03,250] INFO [Controller id=0] Ready to serve as the new controller with epoch 38 (kafka.controller.KafkaController)
[2022-06-07 18:08:03,255] INFO [Controller id=0] Partitions undergoing preferred replica election:  (kafka.controller.KafkaController)
[2022-06-07 18:08:03,256] INFO [Controller id=0] Partitions that completed preferred replica election:  (kafka.controller.KafkaController)
[2022-06-07 18:08:03,256] INFO [Controller id=0] Skipping preferred replica election for partitions due to topic deletion:  (kafka.controller.KafkaController)
[2022-06-07 18:08:03,256] INFO [Controller id=0] Resuming preferred replica election for partitions:  (kafka.controller.KafkaController)
[2022-06-07 18:08:03,257] INFO [Controller id=0] Starting replica leader election (PREFERRED) for partitions  triggered by ZkTriggered (kafka.controller.KafkaController)
[2022-06-07 18:08:03,266] INFO [Controller id=0] Starting the controller scheduler (kafka.controller.KafkaController)
[2022-06-07 18:08:03,385] INFO [Controller id=0] New topics: [Set(webcam2, webcam, yangjae, sea)], deleted topics: [Set()], new partition replica assignment [Set(TopicIdReplicaAssignment(webcam2,Some(glf__eoCQaaxhPX1KCxxoA),Map(webcam2-0 -> ReplicaAssignment(replicas=0, addingReplicas=, removingReplicas=))), TopicIdReplicaAssignment(webcam,Some(jUSvgOHCQQOdSKAuhYhE3g),Map(webcam-0 -> ReplicaAssignment(replicas=0, addingReplicas=, removingReplicas=))), TopicIdReplicaAssignment(yangjae,Some(UVgJEiDGTxOWPDaC3bnzzA),Map(yangjae-0 -> ReplicaAssignment(replicas=0, addingReplicas=, removingReplicas=))), TopicIdReplicaAssignment(sea,Some(CfCgTQtvQHmyYIaZkgeyIw),Map(sea-0 -> ReplicaAssignment(replicas=0, addingReplicas=, removingReplicas=))))] (kafka.controller.KafkaController)
[2022-06-07 18:08:03,387] INFO [Controller id=0] New partition creation callback for webcam2-0,webcam-0,yangjae-0,sea-0 (kafka.controller.KafkaController)
[2022-06-07 18:08:03,443] INFO [Controller id=0] New topics: [Set(davao)], deleted topics: [Set()], new partition replica assignment [Set(TopicIdReplicaAssignment(davao,Some(IxWKh8CuQkKRNjCm5V5wDg),Map(davao-0 -> ReplicaAssignment(replicas=0, addingReplicas=, removingReplicas=))))] (kafka.controller.KafkaController)
[2022-06-07 18:08:03,443] INFO [Controller id=0] New partition creation callback for davao-0 (kafka.controller.KafkaController)
[2022-06-07 18:08:08,267] INFO [Controller id=0] Processing automatic preferred replica leader election (kafka.controller.KafkaController)
[2022-06-07 18:08:08,267] TRACE [Controller id=0] Checking need to trigger auto leader balancing (kafka.controller.KafkaController)
[2022-06-07 18:08:08,270] DEBUG [Controller id=0] Topics not in preferred replica for broker 0 Map() (kafka.controller.KafkaController)
[2022-06-07 18:08:08,271] TRACE [Controller id=0] Leader imbalance ratio for broker 0 is 0.0 (kafka.controller.KafkaController)
[2022-06-07 18:08:53,249] INFO [Controller id=0] Shutting down broker 0 (kafka.controller.KafkaController)
[2022-06-07 18:08:53,249] DEBUG [Controller id=0] All shutting down brokers: 0 (kafka.controller.KafkaController)
[2022-06-07 18:08:53,250] DEBUG [Controller id=0] Live brokers:  (kafka.controller.KafkaController)
[2022-06-07 18:08:53,254] TRACE [Controller id=0] All leaders = davao-0 -> (Leader:0,ISR:0,LeaderEpoch:0,ControllerEpoch:38),sea-0 -> (Leader:0,ISR:0,LeaderEpoch:0,ControllerEpoch:38),webcam-0 -> (Leader:0,ISR:0,LeaderEpoch:0,ControllerEpoch:38),webcam2-0 -> (Leader:0,ISR:0,LeaderEpoch:0,ControllerEpoch:38),yangjae-0 -> (Leader:0,ISR:0,LeaderEpoch:0,ControllerEpoch:38) (kafka.controller.KafkaController)
[2022-06-07 18:08:54,469] INFO [ControllerEventThread controllerId=0] Shutting down (kafka.controller.ControllerEventManager$ControllerEventThread)
[2022-06-07 18:08:54,470] INFO [ControllerEventThread controllerId=0] Stopped (kafka.controller.ControllerEventManager$ControllerEventThread)
[2022-06-07 18:08:54,470] INFO [ControllerEventThread controllerId=0] Shutdown completed (kafka.controller.ControllerEventManager$ControllerEventThread)
[2022-06-07 18:08:54,470] DEBUG [Controller id=0] Resigning (kafka.controller.KafkaController)
[2022-06-07 18:08:54,470] DEBUG [Controller id=0] Unregister BrokerModifications handler for Set(0) (kafka.controller.KafkaController)
[2022-06-07 18:08:54,471] INFO [PartitionStateMachine controllerId=0] Stopped partition state machine (kafka.controller.ZkPartitionStateMachine)
[2022-06-07 18:08:54,472] INFO [ReplicaStateMachine controllerId=0] Stopped replica state machine (kafka.controller.ZkReplicaStateMachine)
[2022-06-07 18:08:54,472] INFO [RequestSendThread controllerId=0] Shutting down (kafka.controller.RequestSendThread)
[2022-06-07 18:08:54,472] INFO [RequestSendThread controllerId=0] Shutdown completed (kafka.controller.RequestSendThread)
[2022-06-07 18:08:54,472] INFO [RequestSendThread controllerId=0] Stopped (kafka.controller.RequestSendThread)
[2022-06-07 18:08:54,474] INFO [Controller id=0] Resigned (kafka.controller.KafkaController)
[2022-06-07 18:15:09,324] INFO [ControllerEventThread controllerId=0] Starting (kafka.controller.ControllerEventManager$ControllerEventThread)
[2022-06-07 18:15:09,346] INFO [Controller id=0] 0 successfully elected as the controller. Epoch incremented to 39 and epoch zk version is now 39 (kafka.controller.KafkaController)
[2022-06-07 18:15:09,348] INFO [Controller id=0] Registering handlers (kafka.controller.KafkaController)
[2022-06-07 18:15:09,350] INFO [Controller id=0] Deleting log dir event notifications (kafka.controller.KafkaController)
[2022-06-07 18:15:09,353] INFO [Controller id=0] Deleting isr change notifications (kafka.controller.KafkaController)
[2022-06-07 18:15:09,355] INFO [Controller id=0] Initializing controller context (kafka.controller.KafkaController)
[2022-06-07 18:15:09,368] INFO [Controller id=0] Initialized broker epochs cache: Map(0 -> 42949674554) (kafka.controller.KafkaController)
[2022-06-07 18:15:09,388] DEBUG [Controller id=0] Register BrokerModifications handler for Set(0) (kafka.controller.KafkaController)
[2022-06-07 18:15:09,401] DEBUG [Channel manager on controller 0]: Controller 0 trying to connect to broker 0 (kafka.controller.ControllerChannelManager)
[2022-06-07 18:15:09,407] INFO [RequestSendThread controllerId=0] Starting (kafka.controller.RequestSendThread)
[2022-06-07 18:15:09,407] INFO [Controller id=0] Currently active brokers in the cluster: Set(0) (kafka.controller.KafkaController)
[2022-06-07 18:15:09,407] INFO [Controller id=0] Currently shutting brokers in the cluster: Set() (kafka.controller.KafkaController)
[2022-06-07 18:15:09,407] INFO [Controller id=0] Current list of topics in the cluster: Set(sea, davao, webcam2, yangjae, webcam) (kafka.controller.KafkaController)
[2022-06-07 18:15:09,407] INFO [Controller id=0] Fetching topic deletions in progress (kafka.controller.KafkaController)
[2022-06-07 18:15:09,412] INFO [Controller id=0] List of topics to be deleted:  (kafka.controller.KafkaController)
[2022-06-07 18:15:09,412] INFO [Controller id=0] List of topics ineligible for deletion:  (kafka.controller.KafkaController)
[2022-06-07 18:15:09,412] INFO [Controller id=0] Initializing topic deletion manager (kafka.controller.KafkaController)
[2022-06-07 18:15:09,412] INFO [Topic Deletion Manager 0] Initializing manager with initial deletions: Set(), initial ineligible deletions: Set() (kafka.controller.TopicDeletionManager)
[2022-06-07 18:15:09,413] INFO [Controller id=0] Sending update metadata request (kafka.controller.KafkaController)
[2022-06-07 18:15:09,423] INFO [ReplicaStateMachine controllerId=0] Initializing replica state (kafka.controller.ZkReplicaStateMachine)
[2022-06-07 18:15:09,427] INFO [ReplicaStateMachine controllerId=0] Triggering online replica state changes (kafka.controller.ZkReplicaStateMachine)
[2022-06-07 18:15:09,430] INFO [RequestSendThread controllerId=0] Controller 0 connected to 14.7.128.55:9092 (id: 0 rack: null) for sending state change requests (kafka.controller.RequestSendThread)
[2022-06-07 18:15:09,443] INFO [ReplicaStateMachine controllerId=0] Triggering offline replica state changes (kafka.controller.ZkReplicaStateMachine)
[2022-06-07 18:15:09,443] DEBUG [ReplicaStateMachine controllerId=0] Started replica state machine with initial state -> Map([Topic=webcam,Partition=0,Replica=0] -> OnlineReplica, [Topic=yangjae,Partition=0,Replica=0] -> OnlineReplica, [Topic=sea,Partition=0,Replica=0] -> OnlineReplica, [Topic=webcam2,Partition=0,Replica=0] -> OnlineReplica, [Topic=davao,Partition=0,Replica=0] -> OnlineReplica) (kafka.controller.ZkReplicaStateMachine)
[2022-06-07 18:15:09,444] INFO [PartitionStateMachine controllerId=0] Initializing partition state (kafka.controller.ZkPartitionStateMachine)
[2022-06-07 18:15:09,447] INFO [PartitionStateMachine controllerId=0] Triggering online partition state changes (kafka.controller.ZkPartitionStateMachine)
[2022-06-07 18:15:09,449] DEBUG [PartitionStateMachine controllerId=0] Started partition state machine with initial state -> Map(davao-0 -> OnlinePartition, sea-0 -> OnlinePartition, webcam-0 -> OnlinePartition, webcam2-0 -> OnlinePartition, yangjae-0 -> OnlinePartition) (kafka.controller.ZkPartitionStateMachine)
[2022-06-07 18:15:09,449] INFO [Controller id=0] Ready to serve as the new controller with epoch 39 (kafka.controller.KafkaController)
[2022-06-07 18:15:09,455] INFO [Controller id=0] Partitions undergoing preferred replica election:  (kafka.controller.KafkaController)
[2022-06-07 18:15:09,455] INFO [Controller id=0] Partitions that completed preferred replica election:  (kafka.controller.KafkaController)
[2022-06-07 18:15:09,455] INFO [Controller id=0] Skipping preferred replica election for partitions due to topic deletion:  (kafka.controller.KafkaController)
[2022-06-07 18:15:09,455] INFO [Controller id=0] Resuming preferred replica election for partitions:  (kafka.controller.KafkaController)
[2022-06-07 18:15:09,456] INFO [Controller id=0] Starting replica leader election (PREFERRED) for partitions  triggered by ZkTriggered (kafka.controller.KafkaController)
[2022-06-07 18:15:09,464] INFO [Controller id=0] Starting the controller scheduler (kafka.controller.KafkaController)
[2022-06-07 18:15:14,466] INFO [Controller id=0] Processing automatic preferred replica leader election (kafka.controller.KafkaController)
[2022-06-07 18:15:14,466] TRACE [Controller id=0] Checking need to trigger auto leader balancing (kafka.controller.KafkaController)
[2022-06-07 18:15:14,468] DEBUG [Controller id=0] Topics not in preferred replica for broker 0 Map() (kafka.controller.KafkaController)
[2022-06-07 18:15:14,469] TRACE [Controller id=0] Leader imbalance ratio for broker 0 is 0.0 (kafka.controller.KafkaController)
[2022-06-07 18:15:53,474] INFO [Controller id=0] Shutting down broker 0 (kafka.controller.KafkaController)
[2022-06-07 18:15:53,474] DEBUG [Controller id=0] All shutting down brokers: 0 (kafka.controller.KafkaController)
[2022-06-07 18:15:53,475] DEBUG [Controller id=0] Live brokers:  (kafka.controller.KafkaController)
[2022-06-07 18:15:53,479] TRACE [Controller id=0] All leaders = davao-0 -> (Leader:0,ISR:0,LeaderEpoch:0,ControllerEpoch:38),sea-0 -> (Leader:0,ISR:0,LeaderEpoch:0,ControllerEpoch:38),webcam-0 -> (Leader:0,ISR:0,LeaderEpoch:0,ControllerEpoch:38),webcam2-0 -> (Leader:0,ISR:0,LeaderEpoch:0,ControllerEpoch:38),yangjae-0 -> (Leader:0,ISR:0,LeaderEpoch:0,ControllerEpoch:38) (kafka.controller.KafkaController)
[2022-06-07 18:15:54,436] INFO [ControllerEventThread controllerId=0] Shutting down (kafka.controller.ControllerEventManager$ControllerEventThread)
[2022-06-07 18:15:54,436] INFO [ControllerEventThread controllerId=0] Shutdown completed (kafka.controller.ControllerEventManager$ControllerEventThread)
[2022-06-07 18:15:54,436] INFO [ControllerEventThread controllerId=0] Stopped (kafka.controller.ControllerEventManager$ControllerEventThread)
[2022-06-07 18:15:54,437] DEBUG [Controller id=0] Resigning (kafka.controller.KafkaController)
[2022-06-07 18:15:54,437] DEBUG [Controller id=0] Unregister BrokerModifications handler for Set(0) (kafka.controller.KafkaController)
[2022-06-07 18:15:54,438] INFO [PartitionStateMachine controllerId=0] Stopped partition state machine (kafka.controller.ZkPartitionStateMachine)
[2022-06-07 18:15:54,438] INFO [ReplicaStateMachine controllerId=0] Stopped replica state machine (kafka.controller.ZkReplicaStateMachine)
[2022-06-07 18:15:54,439] INFO [RequestSendThread controllerId=0] Shutting down (kafka.controller.RequestSendThread)
[2022-06-07 18:15:54,439] INFO [RequestSendThread controllerId=0] Shutdown completed (kafka.controller.RequestSendThread)
[2022-06-07 18:15:54,439] INFO [RequestSendThread controllerId=0] Stopped (kafka.controller.RequestSendThread)
[2022-06-07 18:15:54,440] INFO [Controller id=0] Resigned (kafka.controller.KafkaController)
