[2022-06-07 18:04:55,089] INFO [Controller id=0 epoch=37] Sending UpdateMetadata request to brokers Set() for 0 partitions (state.change.logger)
[2022-06-07 18:08:03,237] INFO [Controller id=0 epoch=38] Sending UpdateMetadata request to brokers Set(0) for 0 partitions (state.change.logger)
[2022-06-07 18:08:03,389] INFO [Controller id=0 epoch=38] Changed partition webcam2-0 state from NonExistentPartition to NewPartition with assigned replicas 0 (state.change.logger)
[2022-06-07 18:08:03,390] INFO [Controller id=0 epoch=38] Changed partition webcam-0 state from NonExistentPartition to NewPartition with assigned replicas 0 (state.change.logger)
[2022-06-07 18:08:03,390] INFO [Controller id=0 epoch=38] Changed partition yangjae-0 state from NonExistentPartition to NewPartition with assigned replicas 0 (state.change.logger)
[2022-06-07 18:08:03,390] INFO [Controller id=0 epoch=38] Changed partition sea-0 state from NonExistentPartition to NewPartition with assigned replicas 0 (state.change.logger)
[2022-06-07 18:08:03,390] INFO [Controller id=0 epoch=38] Sending UpdateMetadata request to brokers Set() for 0 partitions (state.change.logger)
[2022-06-07 18:08:03,396] INFO [Controller id=0 epoch=38] Sending UpdateMetadata request to brokers Set() for 0 partitions (state.change.logger)
[2022-06-07 18:08:03,428] INFO [Controller id=0 epoch=38] Changed partition webcam2-0 from NewPartition to OnlinePartition with state LeaderAndIsr(leader=0, leaderEpoch=0, isr=List(0), zkVersion=0) (state.change.logger)
[2022-06-07 18:08:03,428] INFO [Controller id=0 epoch=38] Changed partition webcam-0 from NewPartition to OnlinePartition with state LeaderAndIsr(leader=0, leaderEpoch=0, isr=List(0), zkVersion=0) (state.change.logger)
[2022-06-07 18:08:03,428] INFO [Controller id=0 epoch=38] Changed partition yangjae-0 from NewPartition to OnlinePartition with state LeaderAndIsr(leader=0, leaderEpoch=0, isr=List(0), zkVersion=0) (state.change.logger)
[2022-06-07 18:08:03,428] INFO [Controller id=0 epoch=38] Changed partition sea-0 from NewPartition to OnlinePartition with state LeaderAndIsr(leader=0, leaderEpoch=0, isr=List(0), zkVersion=0) (state.change.logger)
[2022-06-07 18:08:03,430] INFO [Controller id=0 epoch=38] Sending LeaderAndIsr request to broker 0 with 4 become-leader and 0 become-follower partitions (state.change.logger)
[2022-06-07 18:08:03,434] INFO [Controller id=0 epoch=38] Sending UpdateMetadata request to brokers Set(0) for 4 partitions (state.change.logger)
[2022-06-07 18:08:03,436] INFO [Controller id=0 epoch=38] Sending UpdateMetadata request to brokers Set() for 0 partitions (state.change.logger)
[2022-06-07 18:08:03,439] INFO [Broker id=0] Handling LeaderAndIsr request correlationId 1 from controller 0 for 4 partitions (state.change.logger)
[2022-06-07 18:08:03,444] INFO [Controller id=0 epoch=38] Changed partition davao-0 state from NonExistentPartition to NewPartition with assigned replicas 0 (state.change.logger)
[2022-06-07 18:08:03,444] INFO [Controller id=0 epoch=38] Sending UpdateMetadata request to brokers Set() for 0 partitions (state.change.logger)
[2022-06-07 18:08:03,445] INFO [Controller id=0 epoch=38] Sending UpdateMetadata request to brokers Set() for 0 partitions (state.change.logger)
[2022-06-07 18:08:03,456] INFO [Controller id=0 epoch=38] Changed partition davao-0 from NewPartition to OnlinePartition with state LeaderAndIsr(leader=0, leaderEpoch=0, isr=List(0), zkVersion=0) (state.change.logger)
[2022-06-07 18:08:03,456] INFO [Controller id=0 epoch=38] Sending LeaderAndIsr request to broker 0 with 1 become-leader and 0 become-follower partitions (state.change.logger)
[2022-06-07 18:08:03,457] INFO [Controller id=0 epoch=38] Sending UpdateMetadata request to brokers Set(0) for 1 partitions (state.change.logger)
[2022-06-07 18:08:03,458] INFO [Controller id=0 epoch=38] Sending UpdateMetadata request to brokers Set() for 0 partitions (state.change.logger)
[2022-06-07 18:08:03,463] INFO [Broker id=0] Stopped fetchers as part of LeaderAndIsr request correlationId 1 from controller 0 epoch 38 as part of the become-leader transition for 4 partitions (state.change.logger)
[2022-06-07 18:08:03,475] INFO [Broker id=0] Leader sea-0 starts at leader epoch 0 from offset 0 with high watermark 0 ISR [0] addingReplicas [] removingReplicas []. Previous leader epoch was -1. (state.change.logger)
[2022-06-07 18:08:03,482] INFO [Broker id=0] Leader webcam2-0 starts at leader epoch 0 from offset 0 with high watermark 0 ISR [0] addingReplicas [] removingReplicas []. Previous leader epoch was -1. (state.change.logger)
[2022-06-07 18:08:03,483] INFO [Broker id=0] Leader webcam-0 starts at leader epoch 0 from offset 0 with high watermark 0 ISR [0] addingReplicas [] removingReplicas []. Previous leader epoch was -1. (state.change.logger)
[2022-06-07 18:08:03,485] INFO [Broker id=0] Leader yangjae-0 starts at leader epoch 0 from offset 0 with high watermark 0 ISR [0] addingReplicas [] removingReplicas []. Previous leader epoch was -1. (state.change.logger)
[2022-06-07 18:08:03,501] INFO [Broker id=0] Finished LeaderAndIsr request in 63ms correlationId 1 from controller 0 for 4 partitions (state.change.logger)
[2022-06-07 18:08:03,515] INFO [Broker id=0] Add 4 partitions and deleted 0 partitions from metadata cache in response to UpdateMetadata request sent by controller 0 epoch 38 with correlation id 2 (state.change.logger)
[2022-06-07 18:08:03,518] INFO [Broker id=0] Handling LeaderAndIsr request correlationId 3 from controller 0 for 1 partitions (state.change.logger)
[2022-06-07 18:08:03,519] INFO [Broker id=0] Stopped fetchers as part of LeaderAndIsr request correlationId 3 from controller 0 epoch 38 as part of the become-leader transition for 1 partitions (state.change.logger)
[2022-06-07 18:08:03,521] INFO [Broker id=0] Leader davao-0 starts at leader epoch 0 from offset 0 with high watermark 0 ISR [0] addingReplicas [] removingReplicas []. Previous leader epoch was -1. (state.change.logger)
[2022-06-07 18:08:03,523] INFO [Broker id=0] Finished LeaderAndIsr request in 5ms correlationId 3 from controller 0 for 1 partitions (state.change.logger)
[2022-06-07 18:08:03,542] INFO [Broker id=0] Add 1 partitions and deleted 0 partitions from metadata cache in response to UpdateMetadata request sent by controller 0 epoch 38 with correlation id 4 (state.change.logger)
[2022-06-07 18:08:53,253] INFO [Controller id=0 epoch=38] Sending UpdateMetadata request to brokers Set() for 0 partitions (state.change.logger)
[2022-06-07 18:15:09,416] INFO [Controller id=0 epoch=39] Sending UpdateMetadata request to brokers Set(0) for 0 partitions (state.change.logger)
[2022-06-07 18:15:09,439] INFO [Controller id=0 epoch=39] Sending LeaderAndIsr request to broker 0 with 5 become-leader and 0 become-follower partitions (state.change.logger)
[2022-06-07 18:15:09,442] INFO [Controller id=0 epoch=39] Sending UpdateMetadata request to brokers Set(0) for 5 partitions (state.change.logger)
[2022-06-07 18:15:09,533] INFO [Broker id=0] Handling LeaderAndIsr request correlationId 1 from controller 0 for 5 partitions (state.change.logger)
[2022-06-07 18:15:09,553] INFO [Broker id=0] Stopped fetchers as part of LeaderAndIsr request correlationId 1 from controller 0 epoch 39 as part of the become-leader transition for 5 partitions (state.change.logger)
[2022-06-07 18:15:09,561] INFO [Broker id=0] Leader davao-0 starts at leader epoch 0 from offset 0 with high watermark 0 ISR [0] addingReplicas [] removingReplicas []. Previous leader epoch was -1. (state.change.logger)
[2022-06-07 18:15:09,565] INFO [Broker id=0] Leader sea-0 starts at leader epoch 0 from offset 0 with high watermark 0 ISR [0] addingReplicas [] removingReplicas []. Previous leader epoch was -1. (state.change.logger)
[2022-06-07 18:15:09,566] INFO [Broker id=0] Leader webcam2-0 starts at leader epoch 0 from offset 0 with high watermark 0 ISR [0] addingReplicas [] removingReplicas []. Previous leader epoch was -1. (state.change.logger)
[2022-06-07 18:15:09,567] INFO [Broker id=0] Leader webcam-0 starts at leader epoch 0 from offset 0 with high watermark 0 ISR [0] addingReplicas [] removingReplicas []. Previous leader epoch was -1. (state.change.logger)
[2022-06-07 18:15:09,568] INFO [Broker id=0] Leader yangjae-0 starts at leader epoch 0 from offset 0 with high watermark 0 ISR [0] addingReplicas [] removingReplicas []. Previous leader epoch was -1. (state.change.logger)
[2022-06-07 18:15:09,579] INFO [Broker id=0] Finished LeaderAndIsr request in 47ms correlationId 1 from controller 0 for 5 partitions (state.change.logger)
[2022-06-07 18:15:09,588] INFO [Broker id=0] Add 5 partitions and deleted 0 partitions from metadata cache in response to UpdateMetadata request sent by controller 0 epoch 39 with correlation id 2 (state.change.logger)
[2022-06-07 18:15:53,478] INFO [Controller id=0 epoch=39] Sending UpdateMetadata request to brokers Set() for 0 partitions (state.change.logger)
