2022-06-07 18:14:40,685 [myid:] - INFO  [main:o.a.z.s.q.QuorumPeerConfig@177] - Reading configuration from: /home/seo3/zookeeper/bin/../conf/zoo.cfg
2022-06-07 18:14:40,690 [myid:] - INFO  [main:o.a.z.s.q.QuorumPeerConfig@440] - clientPortAddress is 0.0.0.0:2181
2022-06-07 18:14:40,691 [myid:] - INFO  [main:o.a.z.s.q.QuorumPeerConfig@444] - secureClientPort is not set
2022-06-07 18:14:40,691 [myid:] - INFO  [main:o.a.z.s.q.QuorumPeerConfig@460] - observerMasterPort is not set
2022-06-07 18:14:40,691 [myid:] - INFO  [main:o.a.z.s.q.QuorumPeerConfig@477] - metricsProvider.className is org.apache.zookeeper.metrics.impl.DefaultMetricsProvider
2022-06-07 18:14:40,692 [myid:1] - INFO  [main:o.a.z.s.DatadirCleanupManager@78] - autopurge.snapRetainCount set to 3
2022-06-07 18:14:40,693 [myid:1] - INFO  [main:o.a.z.s.DatadirCleanupManager@79] - autopurge.purgeInterval set to 0
2022-06-07 18:14:40,693 [myid:1] - INFO  [main:o.a.z.s.DatadirCleanupManager@101] - Purge task is not scheduled.
2022-06-07 18:14:40,693 [myid:1] - WARN  [main:o.a.z.s.q.QuorumPeerMain@139] - Either no config or no quorum defined in config, running in standalone mode
2022-06-07 18:14:40,694 [myid:1] - INFO  [main:o.a.z.j.ManagedUtil@46] - Log4j 1.2 jmx support not found; jmx disabled.
2022-06-07 18:14:40,694 [myid:1] - INFO  [main:o.a.z.s.q.QuorumPeerConfig@177] - Reading configuration from: /home/seo3/zookeeper/bin/../conf/zoo.cfg
2022-06-07 18:14:40,695 [myid:1] - INFO  [main:o.a.z.s.q.QuorumPeerConfig@440] - clientPortAddress is 0.0.0.0:2181
2022-06-07 18:14:40,695 [myid:1] - INFO  [main:o.a.z.s.q.QuorumPeerConfig@444] - secureClientPort is not set
2022-06-07 18:14:40,695 [myid:1] - INFO  [main:o.a.z.s.q.QuorumPeerConfig@460] - observerMasterPort is not set
2022-06-07 18:14:40,695 [myid:1] - INFO  [main:o.a.z.s.q.QuorumPeerConfig@477] - metricsProvider.className is org.apache.zookeeper.metrics.impl.DefaultMetricsProvider
2022-06-07 18:14:40,695 [myid:1] - INFO  [main:o.a.z.s.ZooKeeperServerMain@123] - Starting server
2022-06-07 18:14:40,705 [myid:1] - INFO  [main:o.a.z.s.ServerMetrics@64] - ServerMetrics initialized with provider org.apache.zookeeper.metrics.impl.DefaultMetricsProvider@52a86356
2022-06-07 18:14:40,707 [myid:1] - INFO  [main:o.a.z.s.a.DigestAuthenticationProvider@47] - ACL digest algorithm is: SHA1
2022-06-07 18:14:40,707 [myid:1] - INFO  [main:o.a.z.s.a.DigestAuthenticationProvider@61] - zookeeper.DigestAuthenticationProvider.enabled = true
2022-06-07 18:14:40,709 [myid:1] - INFO  [main:o.a.z.s.p.FileTxnSnapLog@124] - zookeeper.snapshot.trust.empty : false
2022-06-07 18:14:40,717 [myid:1] - INFO  [main:o.a.z.ZookeeperBanner@42] - 
2022-06-07 18:14:40,717 [myid:1] - INFO  [main:o.a.z.ZookeeperBanner@42] -   ______                  _                                          
2022-06-07 18:14:40,717 [myid:1] - INFO  [main:o.a.z.ZookeeperBanner@42] -  |___  /                 | |                                         
2022-06-07 18:14:40,717 [myid:1] - INFO  [main:o.a.z.ZookeeperBanner@42] -     / /    ___     ___   | | __   ___    ___   _ __     ___   _ __   
2022-06-07 18:14:40,717 [myid:1] - INFO  [main:o.a.z.ZookeeperBanner@42] -    / /    / _ \   / _ \  | |/ /  / _ \  / _ \ | '_ \   / _ \ | '__|
2022-06-07 18:14:40,717 [myid:1] - INFO  [main:o.a.z.ZookeeperBanner@42] -   / /__  | (_) | | (_) | |   <  |  __/ |  __/ | |_) | |  __/ | |    
2022-06-07 18:14:40,717 [myid:1] - INFO  [main:o.a.z.ZookeeperBanner@42] -  /_____|  \___/   \___/  |_|\_\  \___|  \___| | .__/   \___| |_|
2022-06-07 18:14:40,717 [myid:1] - INFO  [main:o.a.z.ZookeeperBanner@42] -                                               | |                     
2022-06-07 18:14:40,717 [myid:1] - INFO  [main:o.a.z.ZookeeperBanner@42] -                                               |_|                     
2022-06-07 18:14:40,718 [myid:1] - INFO  [main:o.a.z.ZookeeperBanner@42] - 
2022-06-07 18:14:40,719 [myid:1] - INFO  [main:o.a.z.Environment@98] - Server environment:zookeeper.version=3.8.0-5a02a05eddb59aee6ac762f7ea82e92a68eb9c0f, built on 2022-02-25 08:49 UTC
2022-06-07 18:14:40,719 [myid:1] - INFO  [main:o.a.z.Environment@98] - Server environment:host.name=seo3li
2022-06-07 18:14:40,719 [myid:1] - INFO  [main:o.a.z.Environment@98] - Server environment:java.version=1.8.0_312
2022-06-07 18:14:40,719 [myid:1] - INFO  [main:o.a.z.Environment@98] - Server environment:java.vendor=Private Build
2022-06-07 18:14:40,719 [myid:1] - INFO  [main:o.a.z.Environment@98] - Server environment:java.home=/usr/lib/jvm/java-8-openjdk-amd64/jre
2022-06-07 18:14:40,719 [myid:1] - INFO  [main:o.a.z.Environment@98] - Server environment:java.class.path=/home/seo3/zookeeper/bin/../zookeeper-server/target/classes:/home/seo3/zookeeper/bin/../build/classes:/home/seo3/zookeeper/bin/../zookeeper-server/target/lib/*.jar:/home/seo3/zookeeper/bin/../build/lib/*.jar:/home/seo3/zookeeper/bin/../lib/zookeeper-prometheus-metrics-3.8.0.jar:/home/seo3/zookeeper/bin/../lib/zookeeper-jute-3.8.0.jar:/home/seo3/zookeeper/bin/../lib/zookeeper-3.8.0.jar:/home/seo3/zookeeper/bin/../lib/snappy-java-1.1.7.7.jar:/home/seo3/zookeeper/bin/../lib/slf4j-api-1.7.30.jar:/home/seo3/zookeeper/bin/../lib/simpleclient_servlet-0.9.0.jar:/home/seo3/zookeeper/bin/../lib/simpleclient_hotspot-0.9.0.jar:/home/seo3/zookeeper/bin/../lib/simpleclient_common-0.9.0.jar:/home/seo3/zookeeper/bin/../lib/simpleclient-0.9.0.jar:/home/seo3/zookeeper/bin/../lib/netty-transport-native-unix-common-4.1.73.Final.jar:/home/seo3/zookeeper/bin/../lib/netty-transport-native-epoll-4.1.73.Final.jar:/home/seo3/zookeeper/bin/../lib/netty-transport-classes-epoll-4.1.73.Final.jar:/home/seo3/zookeeper/bin/../lib/netty-transport-4.1.73.Final.jar:/home/seo3/zookeeper/bin/../lib/netty-tcnative-classes-2.0.48.Final.jar:/home/seo3/zookeeper/bin/../lib/netty-tcnative-2.0.48.Final.jar:/home/seo3/zookeeper/bin/../lib/netty-resolver-4.1.73.Final.jar:/home/seo3/zookeeper/bin/../lib/netty-handler-4.1.73.Final.jar:/home/seo3/zookeeper/bin/../lib/netty-common-4.1.73.Final.jar:/home/seo3/zookeeper/bin/../lib/netty-codec-4.1.73.Final.jar:/home/seo3/zookeeper/bin/../lib/netty-buffer-4.1.73.Final.jar:/home/seo3/zookeeper/bin/../lib/metrics-core-4.1.12.1.jar:/home/seo3/zookeeper/bin/../lib/logback-core-1.2.10.jar:/home/seo3/zookeeper/bin/../lib/logback-classic-1.2.10.jar:/home/seo3/zookeeper/bin/../lib/jline-2.14.6.jar:/home/seo3/zookeeper/bin/../lib/jetty-util-ajax-9.4.43.v20210629.jar:/home/seo3/zookeeper/bin/../lib/jetty-util-9.4.43.v20210629.jar:/home/seo3/zookeeper/bin/../lib/jetty-servlet-9.4.43.v20210629.jar:/home/seo3/zookeeper/bin/../lib/jetty-server-9.4.43.v20210629.jar:/home/seo3/zookeeper/bin/../lib/jetty-security-9.4.43.v20210629.jar:/home/seo3/zookeeper/bin/../lib/jetty-io-9.4.43.v20210629.jar:/home/seo3/zookeeper/bin/../lib/jetty-http-9.4.43.v20210629.jar:/home/seo3/zookeeper/bin/../lib/javax.servlet-api-3.1.0.jar:/home/seo3/zookeeper/bin/../lib/jackson-databind-2.13.1.jar:/home/seo3/zookeeper/bin/../lib/jackson-core-2.13.1.jar:/home/seo3/zookeeper/bin/../lib/jackson-annotations-2.13.1.jar:/home/seo3/zookeeper/bin/../lib/commons-io-2.11.0.jar:/home/seo3/zookeeper/bin/../lib/commons-cli-1.4.jar:/home/seo3/zookeeper/bin/../lib/audience-annotations-0.12.0.jar:/home/seo3/zookeeper/bin/../zookeeper-*.jar:/home/seo3/zookeeper/bin/../zookeeper-server/src/main/resources/lib/*.jar:/home/seo3/zookeeper/bin/../conf:
2022-06-07 18:14:40,719 [myid:1] - INFO  [main:o.a.z.Environment@98] - Server environment:java.library.path=/usr/java/packages/lib/amd64:/usr/lib/x86_64-linux-gnu/jni:/lib/x86_64-linux-gnu:/usr/lib/x86_64-linux-gnu:/usr/lib/jni:/lib:/usr/lib
2022-06-07 18:14:40,719 [myid:1] - INFO  [main:o.a.z.Environment@98] - Server environment:java.io.tmpdir=/tmp
2022-06-07 18:14:40,719 [myid:1] - INFO  [main:o.a.z.Environment@98] - Server environment:java.compiler=<NA>
2022-06-07 18:14:40,719 [myid:1] - INFO  [main:o.a.z.Environment@98] - Server environment:os.name=Linux
2022-06-07 18:14:40,719 [myid:1] - INFO  [main:o.a.z.Environment@98] - Server environment:os.arch=amd64
2022-06-07 18:14:40,719 [myid:1] - INFO  [main:o.a.z.Environment@98] - Server environment:os.version=5.13.0-44-generic
2022-06-07 18:14:40,719 [myid:1] - INFO  [main:o.a.z.Environment@98] - Server environment:user.name=root
2022-06-07 18:14:40,719 [myid:1] - INFO  [main:o.a.z.Environment@98] - Server environment:user.home=/root
2022-06-07 18:14:40,720 [myid:1] - INFO  [main:o.a.z.Environment@98] - Server environment:user.dir=/home/seo3/apache-zookeeper-3.8.0-bin
2022-06-07 18:14:40,720 [myid:1] - INFO  [main:o.a.z.Environment@98] - Server environment:os.memory.free=458MB
2022-06-07 18:14:40,720 [myid:1] - INFO  [main:o.a.z.Environment@98] - Server environment:os.memory.max=889MB
2022-06-07 18:14:40,720 [myid:1] - INFO  [main:o.a.z.Environment@98] - Server environment:os.memory.total=481MB
2022-06-07 18:14:40,720 [myid:1] - INFO  [main:o.a.z.s.ZooKeeperServer@140] - zookeeper.enableEagerACLCheck = false
2022-06-07 18:14:40,720 [myid:1] - INFO  [main:o.a.z.s.ZooKeeperServer@153] - zookeeper.digest.enabled = true
2022-06-07 18:14:40,720 [myid:1] - INFO  [main:o.a.z.s.ZooKeeperServer@157] - zookeeper.closeSessionTxn.enabled = true
2022-06-07 18:14:40,720 [myid:1] - INFO  [main:o.a.z.s.ZooKeeperServer@1496] - zookeeper.flushDelay = 0 ms
2022-06-07 18:14:40,720 [myid:1] - INFO  [main:o.a.z.s.ZooKeeperServer@1505] - zookeeper.maxWriteQueuePollTime = 0 ms
2022-06-07 18:14:40,720 [myid:1] - INFO  [main:o.a.z.s.ZooKeeperServer@1514] - zookeeper.maxBatchSize=1000
2022-06-07 18:14:40,721 [myid:1] - INFO  [main:o.a.z.s.ZooKeeperServer@264] - zookeeper.intBufferStartingSizeBytes = 1024
2022-06-07 18:14:40,722 [myid:1] - INFO  [main:o.a.z.s.BlueThrottle@141] - Weighed connection throttling is disabled
2022-06-07 18:14:40,723 [myid:1] - INFO  [main:o.a.z.s.ZooKeeperServer@1297] - minSessionTimeout set to 4000 ms
2022-06-07 18:14:40,723 [myid:1] - INFO  [main:o.a.z.s.ZooKeeperServer@1306] - maxSessionTimeout set to 40000 ms
2022-06-07 18:14:40,724 [myid:1] - INFO  [main:o.a.z.s.ResponseCache@45] - getData response cache size is initialized with value 400.
2022-06-07 18:14:40,724 [myid:1] - INFO  [main:o.a.z.s.ResponseCache@45] - getChildren response cache size is initialized with value 400.
2022-06-07 18:14:40,725 [myid:1] - INFO  [main:o.a.z.s.u.RequestPathMetricsCollector@109] - zookeeper.pathStats.slotCapacity = 60
2022-06-07 18:14:40,725 [myid:1] - INFO  [main:o.a.z.s.u.RequestPathMetricsCollector@110] - zookeeper.pathStats.slotDuration = 15
2022-06-07 18:14:40,725 [myid:1] - INFO  [main:o.a.z.s.u.RequestPathMetricsCollector@111] - zookeeper.pathStats.maxDepth = 6
2022-06-07 18:14:40,725 [myid:1] - INFO  [main:o.a.z.s.u.RequestPathMetricsCollector@112] - zookeeper.pathStats.initialDelay = 5
2022-06-07 18:14:40,725 [myid:1] - INFO  [main:o.a.z.s.u.RequestPathMetricsCollector@113] - zookeeper.pathStats.delay = 5
2022-06-07 18:14:40,725 [myid:1] - INFO  [main:o.a.z.s.u.RequestPathMetricsCollector@114] - zookeeper.pathStats.enabled = false
2022-06-07 18:14:40,727 [myid:1] - INFO  [main:o.a.z.s.ZooKeeperServer@1533] - The max bytes for all large requests are set to 104857600
2022-06-07 18:14:40,727 [myid:1] - INFO  [main:o.a.z.s.ZooKeeperServer@1547] - The large request threshold is set to -1
2022-06-07 18:14:40,727 [myid:1] - INFO  [main:o.a.z.s.AuthenticationHelper@66] - zookeeper.enforce.auth.enabled = false
2022-06-07 18:14:40,727 [myid:1] - INFO  [main:o.a.z.s.AuthenticationHelper@67] - zookeeper.enforce.auth.schemes = []
2022-06-07 18:14:40,728 [myid:1] - INFO  [main:o.a.z.s.ZooKeeperServer@365] - Created server with tickTime 2000 ms minSessionTimeout 4000 ms maxSessionTimeout 40000 ms clientPortListenBacklog -1 datadir /home/seo3/zookeeper/data/version-2 snapdir /home/seo3/zookeeper/data/version-2
2022-06-07 18:14:40,744 [myid:1] - INFO  [main:o.e.j.u.l.Log@170] - Logging initialized @370ms to org.eclipse.jetty.util.log.Slf4jLog
2022-06-07 18:14:40,813 [myid:1] - WARN  [main:o.e.j.s.h.ContextHandler@1656] - o.e.j.s.ServletContextHandler@6c3f5566{/,null,STOPPED} contextPath ends with /*
2022-06-07 18:14:40,813 [myid:1] - WARN  [main:o.e.j.s.h.ContextHandler@1667] - Empty contextPath
2022-06-07 18:14:40,826 [myid:1] - INFO  [main:o.e.j.s.Server@375] - jetty-9.4.43.v20210629; built: 2021-06-30T11:07:22.254Z; git: 526006ecfa3af7f1a27ef3a288e2bef7ea9dd7e8; jvm 1.8.0_312-8u312-b07-0ubuntu1~20.04-b07
2022-06-07 18:14:40,852 [myid:1] - INFO  [main:o.e.j.s.s.DefaultSessionIdManager@334] - DefaultSessionIdManager workerName=node0
2022-06-07 18:14:40,852 [myid:1] - INFO  [main:o.e.j.s.s.DefaultSessionIdManager@339] - No SessionScavenger set, using defaults
2022-06-07 18:14:40,854 [myid:1] - INFO  [main:o.e.j.s.s.HouseKeeper@132] - node0 Scavenging every 600000ms
2022-06-07 18:14:40,857 [myid:1] - WARN  [main:o.e.j.s.ConstraintSecurityHandler@759] - ServletContext@o.e.j.s.ServletContextHandler@6c3f5566{/,null,STARTING} has uncovered http methods for path: /*
2022-06-07 18:14:40,867 [myid:1] - INFO  [main:o.e.j.s.h.ContextHandler@915] - Started o.e.j.s.ServletContextHandler@6c3f5566{/,null,AVAILABLE}
2022-06-07 18:14:40,880 [myid:1] - INFO  [main:o.e.j.s.AbstractConnector@331] - Started ServerConnector@587c290d{HTTP/1.1, (http/1.1)}{0.0.0.0:8080}
2022-06-07 18:14:40,881 [myid:1] - INFO  [main:o.e.j.s.Server@415] - Started @507ms
2022-06-07 18:14:40,881 [myid:1] - INFO  [main:o.a.z.s.a.JettyAdminServer@196] - Started AdminServer on address 0.0.0.0, port 8080 and command URL /commands
2022-06-07 18:14:40,884 [myid:1] - INFO  [main:o.a.z.s.ServerCnxnFactory@169] - Using org.apache.zookeeper.server.NIOServerCnxnFactory as server connection factory
2022-06-07 18:14:40,885 [myid:1] - WARN  [main:o.a.z.s.ServerCnxnFactory@309] - maxCnxns is not configured, using default value 0.
2022-06-07 18:14:40,886 [myid:1] - INFO  [main:o.a.z.s.NIOServerCnxnFactory@652] - Configuring NIO connection handler with 10s sessionless connection timeout, 2 selector thread(s), 24 worker threads, and 64 kB direct buffers.
2022-06-07 18:14:40,887 [myid:1] - INFO  [main:o.a.z.s.NIOServerCnxnFactory@660] - binding to port 0.0.0.0/0.0.0.0:2181
2022-06-07 18:14:40,897 [myid:1] - INFO  [main:o.a.z.s.w.WatchManagerFactory@42] - Using org.apache.zookeeper.server.watch.WatchManager as watch manager
2022-06-07 18:14:40,898 [myid:1] - INFO  [main:o.a.z.s.w.WatchManagerFactory@42] - Using org.apache.zookeeper.server.watch.WatchManager as watch manager
2022-06-07 18:14:40,898 [myid:1] - INFO  [main:o.a.z.s.ZKDatabase@132] - zookeeper.snapshotSizeFactor = 0.33
2022-06-07 18:14:40,898 [myid:1] - INFO  [main:o.a.z.s.ZKDatabase@152] - zookeeper.commitLogCount=500
2022-06-07 18:14:40,902 [myid:1] - INFO  [main:o.a.z.s.p.SnapStream@61] - zookeeper.snapshot.compression.method = CHECKED
2022-06-07 18:14:40,903 [myid:1] - INFO  [main:o.a.z.s.p.FileSnap@85] - Reading snapshot /home/seo3/zookeeper/data/version-2/snapshot.a000005fd
2022-06-07 18:14:40,907 [myid:1] - INFO  [main:o.a.z.s.DataTree@1705] - The digest in the snapshot has digest version of 2, with zxid as 0xa000005fd, and digest value as 92828379510
2022-06-07 18:14:40,928 [myid:1] - INFO  [main:o.a.z.a.ZKAuditProvider@42] - ZooKeeper audit is disabled.
2022-06-07 18:14:40,929 [myid:1] - INFO  [main:o.a.z.s.p.FileTxnSnapLog@372] - 45 txns loaded in 12 ms
2022-06-07 18:14:40,929 [myid:1] - INFO  [main:o.a.z.s.ZKDatabase@289] - Snapshot loaded in 31 ms, highest zxid is 0xa0000062a, digest is 137785846313
2022-06-07 18:14:40,930 [myid:1] - INFO  [main:o.a.z.s.p.FileTxnSnapLog@479] - Snapshotting: 0xa0000062a to /home/seo3/zookeeper/data/version-2/snapshot.a0000062a
2022-06-07 18:14:40,932 [myid:1] - INFO  [main:o.a.z.s.ZooKeeperServer@547] - Snapshot taken in 2 ms
2022-06-07 18:14:40,939 [myid:] - INFO  [ProcessThread(sid:0 cport:2181)::o.a.z.s.PrepRequestProcessor@138] - PrepRequestProcessor (sid:0) started, reconfigEnabled=false
2022-06-07 18:14:40,939 [myid:1] - INFO  [main:o.a.z.s.RequestThrottler@75] - zookeeper.request_throttler.shutdownTimeout = 10000 ms
2022-06-07 18:14:40,953 [myid:1] - INFO  [main:o.a.z.s.ContainerManager@84] - Using checkIntervalMs=60000 maxPerMinute=10000 maxNeverUsedIntervalMs=0
2022-06-07 18:15:08,264 [myid:] - INFO  [SyncThread:0:o.a.z.s.p.FileTxnLog@285] - Creating new log file: log.a0000062b
